0 info it worked if it ends with ok
1 verbose cli [ '/home/chronos/user/local/bin/node',
1 verbose cli   '/home/chronos/user/local/bin/npm',
1 verbose cli   'start' ]
2 info using npm@3.10.10
3 info using node@v6.10.3
4 verbose run-script [ 'prestart', 'start', 'poststart' ]
5 info lifecycle reacthotsetup@1.0.0~prestart: reacthotsetup@1.0.0
6 silly lifecycle reacthotsetup@1.0.0~prestart: no script for prestart, continuing
7 info lifecycle reacthotsetup@1.0.0~start: reacthotsetup@1.0.0
8 verbose lifecycle reacthotsetup@1.0.0~start: unsafe-perm in lifecycle true
9 verbose lifecycle reacthotsetup@1.0.0~start: PATH: /home/chronos/user/local/lib/node_modules/npm/bin/node-gyp-bin:/home/chronos/user/Downloads/nodeprojects/reacthotsetup/node_modules/.bin:/home/chronos/user/local/bin:/usr/local/bin:/usr/bin:/bin:/opt/bin:/home/chronos/user/jdk1.8.0_121/bin
10 verbose lifecycle reacthotsetup@1.0.0~start: CWD: /home/chronos/user/Downloads/nodeprojects/reacthotsetup
11 silly lifecycle reacthotsetup@1.0.0~start: Args: [ '-c', 'webpack-dev-server' ]
12 silly lifecycle reacthotsetup@1.0.0~start: Returned: code: 1  signal: null
13 info lifecycle reacthotsetup@1.0.0~start: Failed to exec start script
14 verbose stack Error: reacthotsetup@1.0.0 start: `webpack-dev-server`
14 verbose stack Exit status 1
14 verbose stack     at EventEmitter.<anonymous> (/home/chronos/user/local/lib/node_modules/npm/lib/utils/lifecycle.js:255:16)
14 verbose stack     at emitTwo (events.js:106:13)
14 verbose stack     at EventEmitter.emit (events.js:191:7)
14 verbose stack     at ChildProcess.<anonymous> (/home/chronos/user/local/lib/node_modules/npm/lib/utils/spawn.js:40:14)
14 verbose stack     at emitTwo (events.js:106:13)
14 verbose stack     at ChildProcess.emit (events.js:191:7)
14 verbose stack     at maybeClose (internal/child_process.js:886:16)
14 verbose stack     at Process.ChildProcess._handle.onexit (internal/child_process.js:226:5)
15 verbose pkgid reacthotsetup@1.0.0
16 verbose cwd /home/chronos/user/Downloads/nodeprojects/reacthotsetup
17 error Linux 3.14.0
18 error argv "/home/chronos/user/local/bin/node" "/home/chronos/user/local/bin/npm" "start"
19 error node v6.10.3
20 error npm  v3.10.10
21 error code ELIFECYCLE
22 error reacthotsetup@1.0.0 start: `webpack-dev-server`
22 error Exit status 1
23 error Failed at the reacthotsetup@1.0.0 start script 'webpack-dev-server'.
23 error Make sure you have the latest version of node.js and npm installed.
23 error If you do, this is most likely a problem with the reacthotsetup package,
23 error not with npm itself.
23 error Tell the author that this fails on your system:
23 error     webpack-dev-server
23 error You can get information on how to open an issue for this project with:
23 error     npm bugs reacthotsetup
23 error Or if that isn't available, you can get their info via:
23 error     npm owner ls reacthotsetup
23 error There is likely additional logging output above.
24 verbose exit [ 1, true ]
